[             TXADMIN] ================================================================ 
[             TXADMIN] ======== [16304] FXServer Starting - 28/10/2024, 8:57:34 pm      
[             TXADMIN] ================================================================ 
[           resources] Scanning resources.
[           resources] Found 25 resources.
[          svadhesive] Authenticating server license key...
[          svadhesive] Server license key authentication succeeded. Welcome!
[    c-scripting-core] Creating script environments for sessionmanager
[           resources] Started resource sessionmanager
[    c-scripting-core] Creating script environments for monitor
[      script:monitor] [txAdmin] Resource v7.3.2 threads and commands set up. All Ready.
[           resources] Started resource monitor
[    c-scripting-core] Creating script environments for mapmanager
[           resources] Started resource mapmanager
[    c-scripting-core] Creating script environments for yarn
[           resources] Started resource yarn
[ citizen-server-impl] Running build tasks on resource webpack - it'll restart once completed.
[    c-resources-core] Could not start dependency webpack for resource chat.
[ citizen-server-impl] Couldn't start resource chat.
[           resources] Started resource spawnmanager
[   script:mapmanager] Started gametype Freeroam
[           resources] Started resource basic-gamemode
[    c-scripting-core] Creating script environments for hardcap
[           resources] Started resource hardcap
[    c-scripting-core] Creating script environments for rconlog
[           resources] Started resource rconlog
[ citizen-server-main] Warning: The players.json endpoint has been modified to no longer return the player identifiers without authentication.
[ citizen-server-main] To learn more about this change read our announcement at https://forum.cfx.re/t/celebrating-one-year-with-rockstar-games/5269938#fivem-and-redm-6
[   script:mapmanager] Started map fivem-map-hipster
[           resources] Started resource fivem-map-hipster
[ citizen-server-impl]         fff                          
[ citizen-server-impl]   cccc ff   xx  xx     rr rr    eee  
[ citizen-server-impl] cc     ffff   xx       rrr  r ee   e 
[ citizen-server-impl] cc     ff     xx   ... rr     eeeee  
[ citizen-server-impl]  ccccc ff   xx  xx ... rr      eeeee 
[ citizen-server-impl]                                      
[ citizen-server-impl] Authenticated with cfx.re Nucleus: https://nick-parker1-b569mb.users.cfx.re/
[         script:yarn] [yarn]	yarn install v1.22.5
[         script:yarn] [yarn]	[1/4] Resolving packages...
[         script:yarn] [yarn]	[2/4] Fetching packages...
[ citizen-server-impl] sync thread hitch warning: timer interval of 104 milliseconds
[ citizen-server-impl] sync thread hitch warning: timer interval of 105 milliseconds
[         script:yarn] [yarn]	info fsevents@2.3.1: The platform "win32" is incompatible with this module.
[         script:yarn] [yarn]	info "fsevents@2.3.1" is an optional dependency and failed compatibility check. Excluding it from installation.
[         script:yarn] [yarn]	info fsevents@1.2.13: The platform "win32" is incompatible with this module.
[         script:yarn] info "fsevents@1.2.13" is an optional dependency and failed compatibility check. Excluding it from installation.
[         script:yarn] [yarn]	[3/4] Linking dependencies...
[         script:yarn] [yarn]	[4/4] Building fresh packages...
[         script:yarn] Error: [yarn]	warning Ignored scripts due to flag.
[         script:yarn] [yarn]	Done in 28.09s.
[ citizen-server-impl] Build tasks completed - starting resource webpack.
[    c-scripting-core] Creating script environments for webpack
[ citizen-server-impl] Running build tasks on resource chat - it'll restart once completed.
[           resources] Started resource webpack
[ citizen-server-impl] server thread hitch warning: timer interval of 887 milliseconds
[         script:yarn] [yarn]	yarn install v1.22.5
[         script:yarn] [yarn]	[1/4] Resolving packages...
[         script:yarn] [yarn]	[2/4] Fetching packages...
[ citizen-server-impl] sync thread hitch warning: timer interval of 101 milliseconds
[ citizen-server-impl] sync thread hitch warning: timer interval of 101 milliseconds
[ citizen-server-impl] sync thread hitch warning: timer interval of 105 milliseconds
[         script:yarn] [yarn]	info There appears to be trouble with your network connection. Retrying...
[         script:yarn] [yarn]	info fsevents@1.2.11: The platform "win32" is incompatible with this module.
[         script:yarn] info "fsevents@1.2.11" is an optional dependency and failed compatibility check. Excluding it from installation.
[         script:yarn] [yarn]	[3/4] Linking dependencies...
[         script:yarn] [yarn]	[4/4] Building fresh packages...
[         script:yarn] Error: [yarn]	warning Ignored scripts due to flag.
[         script:yarn] [yarn]	Done in 75.71s.
[      script:webpack] chat: started building webpack.config.js
[ citizen-server-impl] server thread hitch warning: timer interval of 14706 milliseconds
[      script:webpack] chat: built webpack.config.js
[ citizen-server-impl] Build tasks completed - starting resource chat.
[    c-scripting-core] Creating script environments for chat
[           resources] Started resource chat
[ citizen-server-impl] server thread hitch warning: timer interval of 154 milliseconds
[ citizen-server-impl] sync thread hitch warning: timer interval of 101 milliseconds
[             TXADMIN] txaEvent "adminsUpdated" "[]" 
[             TXADMIN] txaEvent "adminsUpdated" "[]" 
[             TXADMIN] txaEvent "adminsUpdated" "[]" 
[             TXADMIN] txaEvent "serverShuttingDown" "{＂delay＂:5000,＂author＂:＂nickdeveloper83＂,＂message＂:＂Server restarting (admin request).＂}" 
[      script:monitor] [txAdmin] Server shutdown imminent. Kicking all players.

[             TXADMIN] ================================================================ 
[             TXADMIN] ======== [16948] FXServer Starting - 28/10/2024, 9:30:16 pm      
[             TXADMIN] ================================================================ 
[           resources] Scanning resources.
[           resources] Found 26 resources.
[          svadhesive] Authenticating server license key...
[          svadhesive] Server license key authentication succeeded. Welcome!
[    c-scripting-core] Creating script environments for sessionmanager
[           resources] Started resource sessionmanager
[    c-scripting-core] Creating script environments for monitor
[      script:monitor] [txAdmin] Resource v7.3.2 threads and commands set up. All Ready.
[           resources] Started resource monitor
[    c-scripting-core] Creating script environments for mapmanager
[           resources] Started resource mapmanager
[    c-scripting-core] Creating script environments for yarn
[           resources] Started resource yarn
[    c-scripting-core] Creating script environments for webpack
[           resources] Started resource webpack
[ citizen-server-impl] Running build tasks on resource chat - it'll restart once completed.
[      script:webpack] chat: started building webpack.config.js
[ citizen-server-impl] Couldn't start resource chat.
[           resources] Started resource spawnmanager
[   script:mapmanager] Started gametype Freeroam
[           resources] Started resource basic-gamemode
[    c-scripting-core] Creating script environments for hardcap
[           resources] Started resource hardcap
[    c-scripting-core] Creating script environments for rconlog
[           resources] Started resource rconlog
[           resources] Started resource my_spawn
[ citizen-server-main] Warning: The players.json endpoint has been modified to no longer return the player identifiers without authentication.
[ citizen-server-main] To learn more about this change read our announcement at https://forum.cfx.re/t/celebrating-one-year-with-rockstar-games/5269938#fivem-and-redm-6
[   script:mapmanager] Started map fivem-map-hipster
[           resources] Started resource fivem-map-hipster
[ citizen-server-impl]         fff                          
[ citizen-server-impl]   cccc ff   xx  xx     rr rr    eee  
[ citizen-server-impl] cc     ffff   xx       rrr  r ee   e 
[ citizen-server-impl] cc     ff     xx   ... rr     eeeee  
[ citizen-server-impl]  ccccc ff   xx  xx ... rr      eeeee 
[ citizen-server-impl]                                      
[ citizen-server-impl] Authenticated with cfx.re Nucleus: https://nick-parker1-b569mb.users.cfx.re/
[      script:webpack] chat: built webpack.config.js
[ citizen-server-impl] Build tasks completed - starting resource chat.
[    c-scripting-core] Creating script environments for chat
[           resources] Started resource chat
[             TXADMIN] txaReportResources 
[      script:monitor] [txAdmin] Sending resources list to txAdmin.
[     nickdeveloper83] ensure "my_spawn" 
[           resources] Stopping resource my_spawn
[             TXADMIN] txaReportResources 
[           resources] Started resource my_spawn
[      script:monitor] [txAdmin] Sending resources list to txAdmin.
[             TXADMIN] txaEvent "serverShuttingDown" "{＂delay＂:5000,＂author＂:＂nickdeveloper83＂,＂message＂:＂Server restarting (admin request).＂}" 
[      script:monitor] [txAdmin] Server shutdown imminent. Kicking all players.

[             TXADMIN] ================================================================ 
[             TXADMIN] ======== [3124] FXServer Starting - 28/10/2024, 9:32:38 pm       
[             TXADMIN] ================================================================ 
[           resources] Scanning resources.
[           resources] Found 26 resources.
[          svadhesive] Authenticating server license key...
[          svadhesive] Server license key authentication succeeded. Welcome!
[    c-scripting-core] Creating script environments for sessionmanager
[           resources] Started resource sessionmanager
[    c-scripting-core] Creating script environments for monitor
[      script:monitor] [txAdmin] Resource v7.3.2 threads and commands set up. All Ready.
[           resources] Started resource monitor
[    c-scripting-core] Creating script environments for mapmanager
[           resources] Started resource mapmanager
[    c-scripting-core] Creating script environments for yarn
[           resources] Started resource yarn
[    c-scripting-core] Creating script environments for webpack
[           resources] Started resource webpack
[    c-scripting-core] Creating script environments for chat
[           resources] Started resource chat
[           resources] Started resource spawnmanager
[   script:mapmanager] Started gametype Freeroam
[           resources] Started resource basic-gamemode
[    c-scripting-core] Creating script environments for hardcap
[           resources] Started resource hardcap
[    c-scripting-core] Creating script environments for rconlog
[           resources] Started resource rconlog
[           resources] Started resource my_spawn
[ citizen-server-main] Warning: The players.json endpoint has been modified to no longer return the player identifiers without authentication.
[ citizen-server-main] To learn more about this change read our announcement at https://forum.cfx.re/t/celebrating-one-year-with-rockstar-games/5269938#fivem-and-redm-6
[   script:mapmanager] Started map fivem-map-hipster
[           resources] Started resource fivem-map-hipster
[ citizen-server-impl]         fff                          
[ citizen-server-impl]   cccc ff   xx  xx     rr rr    eee  
[ citizen-server-impl] cc     ffff   xx       rrr  r ee   e 
[ citizen-server-impl] cc     ff     xx   ... rr     eeeee  
[ citizen-server-impl]  ccccc ff   xx  xx ... rr      eeeee 
[ citizen-server-impl]                                      
[ citizen-server-impl] Authenticated with cfx.re Nucleus: https://nick-parker1-b569mb.users.cfx.re/
[             TXADMIN] txaReportResources 
[      script:monitor] [txAdmin] Sending resources list to txAdmin.
[             TXADMIN] txaEvent "serverShuttingDown" "{＂delay＂:5000,＂author＂:＂nickdeveloper83＂,＂message＂:＂Server restarting (admin request).＂}" 
[      script:monitor] [txAdmin] Server shutdown imminent. Kicking all players.

[             TXADMIN] ================================================================ 
[             TXADMIN] ======== [7452] FXServer Starting - 28/10/2024, 9:33:20 pm       
[             TXADMIN] ================================================================ 
[           resources] Scanning resources.
[           resources] Found 26 resources.
[          svadhesive] Authenticating server license key...
[          svadhesive] Server license key authentication succeeded. Welcome!
[    c-scripting-core] Creating script environments for sessionmanager
[           resources] Started resource sessionmanager
[    c-scripting-core] Creating script environments for monitor
[      script:monitor] [txAdmin] Resource v7.3.2 threads and commands set up. All Ready.
[           resources] Started resource monitor
[    c-scripting-core] Creating script environments for mapmanager
[           resources] Started resource mapmanager
[    c-scripting-core] Creating script environments for yarn
[           resources] Started resource yarn
[    c-scripting-core] Creating script environments for webpack
[           resources] Started resource webpack
[    c-scripting-core] Creating script environments for chat
[           resources] Started resource chat
[           resources] Started resource spawnmanager
[   script:mapmanager] Started gametype Freeroam
[           resources] Started resource basic-gamemode
[    c-scripting-core] Creating script environments for hardcap
[           resources] Started resource hardcap
[    c-scripting-core] Creating script environments for rconlog
[           resources] Started resource rconlog
[           resources] Started resource my_spawn
[ citizen-server-main] Warning: The players.json endpoint has been modified to no longer return the player identifiers without authentication.
[ citizen-server-main] To learn more about this change read our announcement at https://forum.cfx.re/t/celebrating-one-year-with-rockstar-games/5269938#fivem-and-redm-6
[   script:mapmanager] Started map fivem-map-hipster
[           resources] Started resource fivem-map-hipster
[ citizen-server-impl]         fff                          
[ citizen-server-impl]   cccc ff   xx  xx     rr rr    eee  
[ citizen-server-impl] cc     ffff   xx       rrr  r ee   e 
[ citizen-server-impl] cc     ff     xx   ... rr     eeeee  
[ citizen-server-impl]  ccccc ff   xx  xx ... rr      eeeee 
[ citizen-server-impl]                                      
[ citizen-server-impl] Authenticated with cfx.re Nucleus: https://nick-parker1-b569mb.users.cfx.re/
[             TXADMIN] txaEvent "serverShuttingDown" "{＂delay＂:5000,＂author＂:＂nickdeveloper83＂,＂message＂:＂Server restarting (admin request).＂}" 
[      script:monitor] [txAdmin] Server shutdown imminent. Kicking all players.

[             TXADMIN] ================================================================ 
[             TXADMIN] ======== [17384] FXServer Starting - 28/10/2024, 9:34:35 pm      
[             TXADMIN] ================================================================ 
[           resources] Scanning resources.
[           resources] Found 26 resources.
[          svadhesive] Authenticating server license key...
[          svadhesive] Server license key authentication succeeded. Welcome!
[    c-scripting-core] Creating script environments for sessionmanager
[           resources] Started resource sessionmanager
[    c-scripting-core] Creating script environments for monitor
[      script:monitor] [txAdmin] Resource v7.3.2 threads and commands set up. All Ready.
[           resources] Started resource monitor
[    c-scripting-core] Creating script environments for mapmanager
[           resources] Started resource mapmanager
[    c-scripting-core] Creating script environments for yarn
[           resources] Started resource yarn
[    c-scripting-core] Creating script environments for webpack
[           resources] Started resource webpack
[    c-scripting-core] Creating script environments for chat
[           resources] Started resource chat
[           resources] Started resource spawnmanager
[   script:mapmanager] Started gametype Freeroam
[           resources] Started resource basic-gamemode
[    c-scripting-core] Creating script environments for hardcap
[           resources] Started resource hardcap
[    c-scripting-core] Creating script environments for rconlog
[           resources] Started resource rconlog
[           resources] Started resource my_spawn
[ citizen-server-main] Warning: The players.json endpoint has been modified to no longer return the player identifiers without authentication.
[ citizen-server-main] To learn more about this change read our announcement at https://forum.cfx.re/t/celebrating-one-year-with-rockstar-games/5269938#fivem-and-redm-6
[   script:mapmanager] Started map fivem-map-skater
[           resources] Started resource fivem-map-skater
[ citizen-server-impl]         fff                          
[ citizen-server-impl]   cccc ff   xx  xx     rr rr    eee  
[ citizen-server-impl] cc     ffff   xx       rrr  r ee   e 
[ citizen-server-impl] cc     ff     xx   ... rr     eeeee  
[ citizen-server-impl]  ccccc ff   xx  xx ... rr      eeeee 
[ citizen-server-impl]                                      
[ citizen-server-impl] Authenticated with cfx.re Nucleus: https://nick-parker1-b569mb.users.cfx.re/
[     nickdeveloper83] restart my_spawn 
[           resources] Stopping resource my_spawn
[           resources] Started resource my_spawn
[ citizen-server-impl] server thread hitch warning: timer interval of 152 milliseconds
[ citizen-server-impl] server thread hitch warning: timer interval of 167 milliseconds
[ citizen-server-impl] server thread hitch warning: timer interval of 153 milliseconds
[ citizen-server-impl] server thread hitch warning: timer interval of 169 milliseconds
[ citizen-server-impl] server thread hitch warning: timer interval of 175 milliseconds
[ citizen-server-impl] server thread hitch warning: timer interval of 173 milliseconds
[ citizen-server-impl] server thread hitch warning: timer interval of 185 milliseconds
[ citizen-server-impl] network thread hitch warning: timer interval of 274 milliseconds
[ citizen-server-impl] server thread hitch warning: timer interval of 285 milliseconds
[ citizen-server-impl] server thread hitch warning: timer interval of 254 milliseconds
[ citizen-server-impl] network thread hitch warning: timer interval of 362 milliseconds
[ citizen-server-impl] server thread hitch warning: timer interval of 175 milliseconds
[ citizen-server-impl] server thread hitch warning: timer interval of 168 milliseconds
[ citizen-server-impl] server thread hitch warning: timer interval of 166 milliseconds
[ citizen-server-impl] network thread hitch warning: timer interval of 214 milliseconds
[ citizen-server-impl] server thread hitch warning: timer interval of 245 milliseconds
[ citizen-server-impl] server thread hitch warning: timer interval of 161 milliseconds
[ citizen-server-impl] server thread hitch warning: timer interval of 152 milliseconds
[ citizen-server-impl] server thread hitch warning: timer interval of 195 milliseconds
[ citizen-server-impl] server thread hitch warning: timer interval of 167 milliseconds
[             TXADMIN] txaEvent "serverShuttingDown" "{＂delay＂:5000,＂author＂:＂nickdeveloper83＂,＂message＂:＂Server restarting (admin request).＂}" 
[      script:monitor] [txAdmin] Server shutdown imminent. Kicking all players.

[             TXADMIN] ================================================================ 
[             TXADMIN] ======== [18620] FXServer Starting - 28/10/2024, 9:39:20 pm      
[             TXADMIN] ================================================================ 
[           resources] Scanning resources.
[           resources] Found 26 resources.
[          svadhesive] Authenticating server license key...
[          svadhesive] Server license key authentication succeeded. Welcome!
[    c-scripting-core] Creating script environments for sessionmanager
[           resources] Started resource sessionmanager
[    c-scripting-core] Creating script environments for monitor
[      script:monitor] [txAdmin] Resource v7.3.2 threads and commands set up. All Ready.
[           resources] Started resource monitor
[    c-scripting-core] Creating script environments for mapmanager
[           resources] Started resource mapmanager
[    c-scripting-core] Creating script environments for yarn
[           resources] Started resource yarn
[    c-scripting-core] Creating script environments for webpack
[           resources] Started resource webpack
[    c-scripting-core] Creating script environments for chat
[           resources] Started resource chat
[           resources] Started resource spawnmanager
[   script:mapmanager] Started gametype Freeroam
[           resources] Started resource basic-gamemode
[    c-scripting-core] Creating script environments for hardcap
[           resources] Started resource hardcap
[    c-scripting-core] Creating script environments for rconlog
[           resources] Started resource rconlog
[           resources] Started resource my_spawn
[ citizen-server-main] Warning: The players.json endpoint has been modified to no longer return the player identifiers without authentication.
[ citizen-server-main] To learn more about this change read our announcement at https://forum.cfx.re/t/celebrating-one-year-with-rockstar-games/5269938#fivem-and-redm-6
[   script:mapmanager] Started map fivem-map-skater
[           resources] Started resource fivem-map-skater
[ citizen-server-impl]         fff                          
[ citizen-server-impl]   cccc ff   xx  xx     rr rr    eee  
[ citizen-server-impl] cc     ffff   xx       rrr  r ee   e 
[ citizen-server-impl] cc     ff     xx   ... rr     eeeee  
[ citizen-server-impl]  ccccc ff   xx  xx ... rr      eeeee 
[ citizen-server-impl]                                      
[ citizen-server-impl] Authenticated with cfx.re Nucleus: https://nick-parker1-b569mb.users.cfx.re/
[      script:hardcap] Connecting: farha
[      script:hardcap] Connecting: farha
[ citizen-server-impl] server thread hitch warning: timer interval of 264 milliseconds
[ citizen-server-impl] server thread hitch warning: timer interval of 200 milliseconds
[ citizen-server-impl] server thread hitch warning: timer interval of 209 milliseconds
[             TXADMIN] txaEvent "serverShuttingDown" "{＂delay＂:5000,＂author＂:＂nickdeveloper83＂,＂message＂:＂Server restarting (admin request).＂}" 
[      script:monitor] [txAdmin] Server shutdown imminent. Kicking all players.

[             TXADMIN] ================================================================ 
[             TXADMIN] ======== [17144] FXServer Starting - 28/10/2024, 9:56:54 pm      
[             TXADMIN] ================================================================ 
[           resources] Scanning resources.
[           resources] Found 26 resources.
[          svadhesive] Authenticating server license key...
[          svadhesive] Server license key authentication succeeded. Welcome!
[    c-scripting-core] Creating script environments for sessionmanager
[           resources] Started resource sessionmanager
[    c-scripting-core] Creating script environments for monitor
[      script:monitor] [txAdmin] Resource v7.3.2 threads and commands set up. All Ready.
[           resources] Started resource monitor
[    c-scripting-core] Creating script environments for mapmanager
[           resources] Started resource mapmanager
[    c-scripting-core] Creating script environments for yarn
[           resources] Started resource yarn
[    c-scripting-core] Creating script environments for webpack
[           resources] Started resource webpack
[    c-scripting-core] Creating script environments for chat
[           resources] Started resource chat
[           resources] Started resource spawnmanager
[   script:mapmanager] Started gametype Freeroam
[           resources] Started resource basic-gamemode
[    c-scripting-core] Creating script environments for hardcap
[           resources] Started resource hardcap
[    c-scripting-core] Creating script environments for rconlog
[           resources] Started resource rconlog
[   script:mapmanager] Changing gametype from basic-gamemode to my_spawn
[           resources] Stopping resource basic-gamemode
[   script:mapmanager] Started gametype My Scritps!
[           resources] Started resource my_spawn
[ citizen-server-main] Warning: The players.json endpoint has been modified to no longer return the player identifiers without authentication.
[ citizen-server-main] To learn more about this change read our announcement at https://forum.cfx.re/t/celebrating-one-year-with-rockstar-games/5269938#fivem-and-redm-6
[ citizen-server-impl]         fff                          
[ citizen-server-impl]   cccc ff   xx  xx     rr rr    eee  
[ citizen-server-impl] cc     ffff   xx       rrr  r ee   e 
[ citizen-server-impl] cc     ff     xx   ... rr     eeeee  
[ citizen-server-impl]  ccccc ff   xx  xx ... rr      eeeee 
[ citizen-server-impl]                                      
[ citizen-server-impl] Authenticated with cfx.re Nucleus: https://nick-parker1-b569mb.users.cfx.re/
[ citizen-server-impl] network thread hitch warning: timer interval of 232 milliseconds
[ citizen-server-impl] sync thread hitch warning: timer interval of 232 milliseconds
[ citizen-server-impl] server thread hitch warning: timer interval of 272 milliseconds
[ citizen-server-impl] sync thread hitch warning: timer interval of 113 milliseconds
[ citizen-server-impl] server thread hitch warning: timer interval of 234 milliseconds
[ citizen-server-impl] sync thread hitch warning: timer interval of 245 milliseconds
[ citizen-server-impl] network thread hitch warning: timer interval of 248 milliseconds
[      script:hardcap] Connecting: farha
[ citizen-server-impl] sync thread hitch warning: timer interval of 122 milliseconds
[ citizen-server-impl] server thread hitch warning: timer interval of 160 milliseconds
[ citizen-server-impl] sync thread hitch warning: timer interval of 102 milliseconds
[ citizen-server-impl] server thread hitch warning: timer interval of 151 milliseconds
[ citizen-server-impl] sync thread hitch warning: timer interval of 181 milliseconds
[ citizen-server-impl] server thread hitch warning: timer interval of 193 milliseconds
[ citizen-server-impl] server thread hitch warning: timer interval of 512 milliseconds
[ citizen-server-impl] server thread hitch warning: timer interval of 188 milliseconds
[ citizen-server-impl] sync thread hitch warning: timer interval of 176 milliseconds
[ citizen-server-impl] server thread hitch warning: timer interval of 202 milliseconds
[ citizen-server-impl] server thread hitch warning: timer interval of 158 milliseconds
[ citizen-server-impl] sync thread hitch warning: timer interval of 105 milliseconds
[ citizen-server-impl] sync thread hitch warning: timer interval of 105 milliseconds
[ citizen-server-impl] sync thread hitch warning: timer interval of 213 milliseconds
[ citizen-server-impl] network thread hitch warning: timer interval of 188 milliseconds
[ citizen-server-impl] server thread hitch warning: timer interval of 215 milliseconds
[ citizen-server-impl] sync thread hitch warning: timer interval of 296 milliseconds
[ citizen-server-impl] server thread hitch warning: timer interval of 324 milliseconds
[ citizen-server-impl] sync thread hitch warning: timer interval of 101 milliseconds
[ citizen-server-impl] server thread hitch warning: timer interval of 170 milliseconds
[ citizen-server-impl] sync thread hitch warning: timer interval of 117 milliseconds
[ citizen-server-impl] sync thread hitch warning: timer interval of 101 milliseconds
[ citizen-server-impl] server thread hitch warning: timer interval of 172 milliseconds
[ citizen-server-impl] sync thread hitch warning: timer interval of 120 milliseconds
[ citizen-server-impl] server thread hitch warning: timer interval of 223 milliseconds
[ citizen-server-impl] sync thread hitch warning: timer interval of 102 milliseconds
[ citizen-server-impl] sync thread hitch warning: timer interval of 146 milliseconds
[ citizen-server-impl] server thread hitch warning: timer interval of 227 milliseconds
[ citizen-server-impl] sync thread hitch warning: timer interval of 267 milliseconds
[ citizen-server-impl] server thread hitch warning: timer interval of 294 milliseconds
[ citizen-server-impl] sync thread hitch warning: timer interval of 103 milliseconds
[ citizen-server-impl] sync thread hitch warning: timer interval of 109 milliseconds
[ citizen-server-impl] sync thread hitch warning: timer interval of 120 milliseconds
[             TXADMIN] txaReportResources 
[      script:monitor] [txAdmin] Sending resources list to txAdmin.
[     nickdeveloper83] refresh 
[           resources] Scanning resources.
[             TXADMIN] txaReportResources 
[    resources:my_car] Warning: my_car does not have a resource manifest (fxmanifest.lua)
[           resources] Found 1 new resources, and refreshed 0/26 resources.
[           resources] 1 warning was encountered.
[      script:monitor] [txAdmin] Sending resources list to txAdmin.
[     nickdeveloper83] refresh 
[             TXADMIN] txaReportResources 
[           resources] Scanning resources.
[    resources:my_car] Warning: my_car does not have a resource manifest (fxmanifest.lua)
[           resources] Found 1 new resources, and refreshed 0/26 resources.
[           resources] 1 warning was encountered.
[      script:monitor] [txAdmin] Sending resources list to txAdmin.
[             TXADMIN] txaEvent "serverShuttingDown" "{＂delay＂:5000,＂author＂:＂nickdeveloper83＂,＂message＂:＂Server restarting (admin request).＂}" 
[      script:monitor] [txAdmin] Server shutdown imminent. Kicking all players.

[             TXADMIN] ================================================================ 
[             TXADMIN] ======== [15576] FXServer Starting - 28/10/2024, 10:55:15 pm     
[             TXADMIN] ================================================================ 
[           resources] Scanning resources.
[    resources:my_car] Warning: my_car does not have a resource manifest (fxmanifest.lua)
[           resources] Found 27 resources.
[           resources] 1 warning was encountered.
[          svadhesive] Authenticating server license key...
[          svadhesive] Server license key authentication succeeded. Welcome!
[    c-scripting-core] Creating script environments for sessionmanager
[           resources] Started resource sessionmanager
[    c-scripting-core] Creating script environments for monitor
[      script:monitor] [txAdmin] Resource v7.3.2 threads and commands set up. All Ready.
[           resources] Started resource monitor
[    c-scripting-core] Creating script environments for mapmanager
[           resources] Started resource mapmanager
[    c-scripting-core] Creating script environments for yarn
[           resources] Started resource yarn
[    c-scripting-core] Creating script environments for webpack
[           resources] Started resource webpack
[    c-scripting-core] Creating script environments for chat
[           resources] Started resource chat
[           resources] Started resource spawnmanager
[   script:mapmanager] Started gametype Freeroam
[           resources] Started resource basic-gamemode
[    c-scripting-core] Creating script environments for hardcap
[           resources] Started resource hardcap
[    c-scripting-core] Creating script environments for rconlog
[           resources] Started resource rconlog
[   script:mapmanager] Changing gametype from basic-gamemode to my_spawn
[           resources] Stopping resource basic-gamemode
[   script:mapmanager] Started gametype AFK_Scritps!
[           resources] Started resource my_spawn
[ citizen-server-main] Warning: The players.json endpoint has been modified to no longer return the player identifiers without authentication.
[ citizen-server-main] To learn more about this change read our announcement at https://forum.cfx.re/t/celebrating-one-year-with-rockstar-games/5269938#fivem-and-redm-6
[ citizen-server-impl]         fff                          
[ citizen-server-impl]   cccc ff   xx  xx     rr rr    eee  
[ citizen-server-impl] cc     ffff   xx       rrr  r ee   e 
[ citizen-server-impl] cc     ff     xx   ... rr     eeeee  
[ citizen-server-impl]  ccccc ff   xx  xx ... rr      eeeee 
[ citizen-server-impl]                                      
[ citizen-server-impl] Authenticated with cfx.re Nucleus: https://nick-parker1-b569mb.users.cfx.re/
[             TXADMIN] txaReportResources 
[      script:monitor] [txAdmin] Sending resources list to txAdmin.
[     nickdeveloper83] refresh 
[           resources] Scanning resources.
[           resources] Found 1 new resources, and refreshed 0/26 resources.
[             TXADMIN] txaReportResources 
[      script:monitor] [txAdmin] Sending resources list to txAdmin.
[     nickdeveloper83] ensure "my_car" 
[             TXADMIN] txaReportResources 
[   script:mapmanager] Changing gametype from my_spawn to my_car
[           resources] Stopping resource my_spawn
[   script:mapmanager] Started gametype AFK_Scritps!
[           resources] Started resource my_car
[      script:monitor] [txAdmin] Sending resources list to txAdmin.
[             TXADMIN] txaEvent "serverShuttingDown" "{＂delay＂:5000,＂author＂:＂nickdeveloper83＂,＂message＂:＂Server restarting (admin request).＂}" 
[      script:monitor] [txAdmin] Server shutdown imminent. Kicking all players.

[             TXADMIN] ================================================================ 
[             TXADMIN] ======== [1020] FXServer Starting - 28/10/2024, 10:57:23 pm      
[             TXADMIN] ================================================================ 
[           resources] Scanning resources.
[           resources] Found 27 resources.
[          svadhesive] Authenticating server license key...
[          svadhesive] Server license key authentication succeeded. Welcome!
[    c-scripting-core] Creating script environments for sessionmanager
[           resources] Started resource sessionmanager
[    c-scripting-core] Creating script environments for monitor
[      script:monitor] [txAdmin] Resource v7.3.2 threads and commands set up. All Ready.
[           resources] Started resource monitor
[    c-scripting-core] Creating script environments for mapmanager
[           resources] Started resource mapmanager
[    c-scripting-core] Creating script environments for yarn
[           resources] Started resource yarn
[    c-scripting-core] Creating script environments for webpack
[           resources] Started resource webpack
[    c-scripting-core] Creating script environments for chat
[           resources] Started resource chat
[           resources] Started resource spawnmanager
[   script:mapmanager] Started gametype Freeroam
[           resources] Started resource basic-gamemode
[    c-scripting-core] Creating script environments for hardcap
[           resources] Started resource hardcap
[    c-scripting-core] Creating script environments for rconlog
[           resources] Started resource rconlog
[   script:mapmanager] Changing gametype from basic-gamemode to my_car
[           resources] Stopping resource basic-gamemode
[   script:mapmanager] Started gametype AFK_Scritps!
[           resources] Started resource my_car
[   script:mapmanager] Changing gametype from my_car to my_spawn
[           resources] Stopping resource my_car
[   script:mapmanager] Started gametype AFK_Scritps!
[           resources] Started resource my_spawn
[ citizen-server-main] Warning: The players.json endpoint has been modified to no longer return the player identifiers without authentication.
[ citizen-server-main] To learn more about this change read our announcement at https://forum.cfx.re/t/celebrating-one-year-with-rockstar-games/5269938#fivem-and-redm-6
[ citizen-server-impl]         fff                          
[ citizen-server-impl]   cccc ff   xx  xx     rr rr    eee  
[ citizen-server-impl] cc     ffff   xx       rrr  r ee   e 
[ citizen-server-impl] cc     ff     xx   ... rr     eeeee  
[ citizen-server-impl]  ccccc ff   xx  xx ... rr      eeeee 
[ citizen-server-impl]                                      
[ citizen-server-impl] Authenticated with cfx.re Nucleus: https://nick-parker1-b569mb.users.cfx.re/
[      script:hardcap] Connecting: farha
[ citizen-server-impl] server thread hitch warning: timer interval of 519 milliseconds
[ citizen-server-impl] server thread hitch warning: timer interval of 164 milliseconds
[ citizen-server-impl] server thread hitch warning: timer interval of 297 milliseconds
[ citizen-server-impl] server thread hitch warning: timer interval of 157 milliseconds
[ citizen-server-impl] server thread hitch warning: timer interval of 232 milliseconds
[ citizen-server-impl] server thread hitch warning: timer interval of 166 milliseconds
[ citizen-server-impl] server thread hitch warning: timer interval of 167 milliseconds
[ citizen-server-impl] server thread hitch warning: timer interval of 164 milliseconds
[ citizen-server-impl] server thread hitch warning: timer interval of 191 milliseconds
[ citizen-server-impl] server thread hitch warning: timer interval of 170 milliseconds
[ citizen-server-impl] server thread hitch warning: timer interval of 156 milliseconds
[ citizen-server-impl] server thread hitch warning: timer interval of 193 milliseconds
[ citizen-server-impl] server thread hitch warning: timer interval of 188 milliseconds
[ citizen-server-impl] server thread hitch warning: timer interval of 151 milliseconds
[ citizen-server-impl] server thread hitch warning: timer interval of 668 milliseconds
[ citizen-server-impl] network thread hitch warning: timer interval of 471 milliseconds
[ citizen-server-impl] network thread hitch warning: timer interval of 307 milliseconds
[ citizen-server-impl] server thread hitch warning: timer interval of 304 milliseconds
[ citizen-server-impl] network thread hitch warning: timer interval of 155 milliseconds
[ citizen-server-impl] server thread hitch warning: timer interval of 326 milliseconds
[ citizen-server-impl] network thread hitch warning: timer interval of 180 milliseconds
[ citizen-server-impl] server thread hitch warning: timer interval of 154 milliseconds
[ citizen-server-impl] server thread hitch warning: timer interval of 166 milliseconds
[ citizen-server-impl] server thread hitch warning: timer interval of 190 milliseconds
[ citizen-server-impl] server thread hitch warning: timer interval of 162 milliseconds
[ citizen-server-impl] server thread hitch warning: timer interval of 194 milliseconds
[ citizen-server-impl] server thread hitch warning: timer interval of 175 milliseconds
[             TXADMIN] txaReportResources 
[      script:monitor] [txAdmin] Sending resources list to txAdmin.
[     nickdeveloper83] refresh 
[             TXADMIN] txaReportResources 
[           resources] Scanning resources.
[           resources] Found 0 new resources, and refreshed 0/28 resources.
[ citizen-server-impl] server thread hitch warning: timer interval of 183 milliseconds
[      script:monitor] [txAdmin] Sending resources list to txAdmin.
[     nickdeveloper83] ensure "my_car" 
[             TXADMIN] txaReportResources 
[           resources] Started resource my_car
[ citizen-server-impl] server thread hitch warning: timer interval of 158 milliseconds
[      script:monitor] [txAdmin] Sending resources list to txAdmin.
[     nickdeveloper83] ensure "my_weapon" 
[             TXADMIN] txaReportResources 
[           resources] Started resource my_weapon
[      script:monitor] [txAdmin] Sending resources list to txAdmin.
[ citizen-server-impl] server thread hitch warning: timer interval of 191 milliseconds
[ citizen-server-impl] server thread hitch warning: timer interval of 161 milliseconds
[ citizen-server-impl] server thread hitch warning: timer interval of 187 milliseconds
[ citizen-server-impl] server thread hitch warning: timer interval of 160 milliseconds
[ citizen-server-impl] server thread hitch warning: timer interval of 160 milliseconds
