================================================================
======== Log Rotated - 29/10/2024, 12:00:01 am                  
================================================================
[ citizen-server-impl] server thread hitch warning: timer interval of 190 milliseconds
[         script:chat] farha: awdnawdnwda
[ citizen-server-impl] server thread hitch warning: timer interval of 158 milliseconds
[ citizen-server-impl] server thread hitch warning: timer interval of 189 milliseconds
[ citizen-server-impl] server thread hitch warning: timer interval of 239 milliseconds
[ citizen-server-impl] server thread hitch warning: timer interval of 211 milliseconds
[ citizen-server-impl] server thread hitch warning: timer interval of 171 milliseconds
[ citizen-server-impl] server thread hitch warning: timer interval of 172 milliseconds
[             TXADMIN] set "txAdmin-serverName" "change-me" 
[             TXADMIN] setr "txAdmin-locale" "en" 
[             TXADMIN] set "txAdmin-localeFile" "C:\Users\farha\OneDrive\Desktop\FiveM\txData\locale.json" 
[             TXADMIN] setr "txAdmin-verbose" "false" 
[             TXADMIN] set "txAdmin-checkPlayerJoin" "true" 
[             TXADMIN] set "txAdmin-menuAlignRight" "false" 
[             TXADMIN] set "txAdmin-menuPageKey" "Tab" 
[             TXADMIN] set "txAdmin-hideAdminInPunishments" "true" 
[             TXADMIN] set "txAdmin-hideAdminInMessages" "true" 
[             TXADMIN] set "txAdmin-hideDefaultAnnouncement" "false" 
[             TXADMIN] set "txAdmin-hideDefaultDirectMessage" "false" 
[             TXADMIN] set "txAdmin-hideDefaultWarning" "false" 
[             TXADMIN] set "txAdmin-hideDefaultScheduledRestartWarning" "false" 
[             TXADMIN] txaEvent "configChanged" "{}" 
[             TXADMIN] txaReportResources 
[      script:monitor] [txAdmin] Sending resources list to txAdmin.
[             TXADMIN] txaReportResources 
[      script:monitor] [txAdmin] Sending resources list to txAdmin.
[             TXADMIN] txaEvent "serverShuttingDown" "{＂delay＂:5000,＂author＂:＂nickdeveloper83＂,＂message＂:＂Server restarting (admin request).＂}" 
[      script:monitor] [txAdmin] Server shutdown imminent. Kicking all players.

[             TXADMIN] ================================================================ 
[             TXADMIN] ======== [6900] FXServer Starting - 29/10/2024, 12:14:11 am      
[             TXADMIN] ================================================================ 
[           resources] Scanning resources.
[           resources] Found 28 resources.
[          svadhesive] Authenticating server license key...
[          svadhesive] Server license key authentication succeeded. Welcome!
[    c-scripting-core] Creating script environments for sessionmanager
[           resources] Started resource sessionmanager
[    c-scripting-core] Creating script environments for monitor
[      script:monitor] [txAdmin] Resource v7.3.2 threads and commands set up. All Ready.
[           resources] Started resource monitor
[    c-scripting-core] Creating script environments for mapmanager
[           resources] Started resource mapmanager
[    c-scripting-core] Creating script environments for yarn
[           resources] Started resource yarn
[    c-scripting-core] Creating script environments for webpack
[           resources] Started resource webpack
[    c-scripting-core] Creating script environments for chat
[           resources] Started resource chat
[           resources] Started resource spawnmanager
[   script:mapmanager] Started gametype Freeroam
[           resources] Started resource basic-gamemode
[    c-scripting-core] Creating script environments for hardcap
[           resources] Started resource hardcap
[    c-scripting-core] Creating script environments for rconlog
[           resources] Started resource rconlog
[           resources] Started resource my_spawn
[           resources] Started resource my_weapon
[           resources] Started resource my_car
[ citizen-server-main] Warning: The players.json endpoint has been modified to no longer return the player identifiers without authentication.
[ citizen-server-main] To learn more about this change read our announcement at https://forum.cfx.re/t/celebrating-one-year-with-rockstar-games/5269938#fivem-and-redm-6
[   script:mapmanager] Started map fivem-map-skater
[           resources] Started resource fivem-map-skater
[ citizen-server-impl]         fff                          
[ citizen-server-impl]   cccc ff   xx  xx     rr rr    eee  
[ citizen-server-impl] cc     ffff   xx       rrr  r ee   e 
[ citizen-server-impl] cc     ff     xx   ... rr     eeeee  
[ citizen-server-impl]  ccccc ff   xx  xx ... rr      eeeee 
[ citizen-server-impl]                                      
[ citizen-server-impl] Authenticated with cfx.re Nucleus: https://nick-parker1-b569mb.users.cfx.re/
[             TXADMIN] txaReportResources 
[      script:monitor] [txAdmin] Sending resources list to txAdmin.
[ citizen-server-impl] sync thread hitch warning: timer interval of 118 milliseconds
[ citizen-server-impl] sync thread hitch warning: timer interval of 176 milliseconds
[ citizen-server-impl] server thread hitch warning: timer interval of 191 milliseconds
[ citizen-server-impl] sync thread hitch warning: timer interval of 186 milliseconds
[ citizen-server-impl] server thread hitch warning: timer interval of 236 milliseconds
[ citizen-server-impl] sync thread hitch warning: timer interval of 102 milliseconds
[ citizen-server-impl] sync thread hitch warning: timer interval of 107 milliseconds
[ citizen-server-impl] server thread hitch warning: timer interval of 191 milliseconds
[      script:hardcap] Connecting: farha
[ citizen-server-impl] server thread hitch warning: timer interval of 604 milliseconds
[ citizen-server-impl] Server list query returned an error: System.Net.Sockets.SocketException: Operation timed out <- System.Net.Http.HttpRequestException: Operation timed out (182.69.59.191:30120)
[ citizen-server-impl] sync thread hitch warning: timer interval of 140 milliseconds
[ citizen-server-impl] server thread hitch warning: timer interval of 155 milliseconds
[ citizen-server-impl] sync thread hitch warning: timer interval of 122 milliseconds
[ citizen-server-impl] server thread hitch warning: timer interval of 151 milliseconds
[ citizen-server-impl] server thread hitch warning: timer interval of 164 milliseconds
[ citizen-server-impl] sync thread hitch warning: timer interval of 128 milliseconds
[ citizen-server-impl] sync thread hitch warning: timer interval of 159 milliseconds
[ citizen-server-impl] server thread hitch warning: timer interval of 193 milliseconds
[ citizen-server-impl] sync thread hitch warning: timer interval of 118 milliseconds
[ citizen-server-impl] sync thread hitch warning: timer interval of 135 milliseconds
[ citizen-server-impl] sync thread hitch warning: timer interval of 117 milliseconds
[ citizen-server-impl] sync thread hitch warning: timer interval of 118 milliseconds
[ citizen-server-impl] server thread hitch warning: timer interval of 166 milliseconds
[ citizen-server-impl] sync thread hitch warning: timer interval of 110 milliseconds
[ citizen-server-impl] server thread hitch warning: timer interval of 169 milliseconds
[ citizen-server-impl] sync thread hitch warning: timer interval of 117 milliseconds
[ citizen-server-impl] sync thread hitch warning: timer interval of 129 milliseconds
[ citizen-server-impl] sync thread hitch warning: timer interval of 101 milliseconds
[ citizen-server-impl] sync thread hitch warning: timer interval of 105 milliseconds
[ citizen-server-impl] server thread hitch warning: timer interval of 182 milliseconds
[ citizen-server-impl] sync thread hitch warning: timer interval of 110 milliseconds
[ citizen-server-impl] sync thread hitch warning: timer interval of 105 milliseconds
[ citizen-server-impl] server thread hitch warning: timer interval of 181 milliseconds
[ citizen-server-impl] sync thread hitch warning: timer interval of 156 milliseconds
[ citizen-server-impl] server thread hitch warning: timer interval of 183 milliseconds
[ citizen-server-impl] sync thread hitch warning: timer interval of 108 milliseconds
[ citizen-server-impl] server thread hitch warning: timer interval of 301 milliseconds
[             TXADMIN] txaEvent "serverShuttingDown" "{＂delay＂:5000,＂author＂:＂nickdeveloper83＂,＂message＂:＂Server restarting (admin request).＂}" 
[      script:monitor] [txAdmin] Server shutdown imminent. Kicking all players.
[             TXADMIN] txaReportResources 
[      script:monitor] [txAdmin] Sending resources list to txAdmin.

[             TXADMIN] ================================================================ 
[             TXADMIN] ======== [10608] FXServer Starting - 29/10/2024, 12:38:18 am     
[             TXADMIN] ================================================================ 
[           resources] Scanning resources.
[           resources] Found 29 resources.
[          svadhesive] Authenticating server license key...
[          svadhesive] Server license key authentication succeeded. Welcome!
[    c-scripting-core] Creating script environments for sessionmanager
[           resources] Started resource sessionmanager
[    c-scripting-core] Creating script environments for monitor
[      script:monitor] [txAdmin] Resource v7.3.2 threads and commands set up. All Ready.
[           resources] Started resource monitor
[    c-scripting-core] Creating script environments for mapmanager
[           resources] Started resource mapmanager
[    c-scripting-core] Creating script environments for yarn
[           resources] Started resource yarn
[    c-scripting-core] Creating script environments for webpack
[           resources] Started resource webpack
[    c-scripting-core] Creating script environments for chat
[           resources] Started resource chat
[           resources] Started resource spawnmanager
[   script:mapmanager] Started gametype Freeroam
[           resources] Started resource basic-gamemode
[    c-scripting-core] Creating script environments for hardcap
[           resources] Started resource hardcap
[    c-scripting-core] Creating script environments for rconlog
[           resources] Started resource rconlog
[           resources] Started resource my_spawn
[           resources] Started resource my_weapon
[           resources] Started resource my_car
[           resources] Started resource my_smallresources
[ citizen-server-main] Warning: The players.json endpoint has been modified to no longer return the player identifiers without authentication.
[ citizen-server-main] To learn more about this change read our announcement at https://forum.cfx.re/t/celebrating-one-year-with-rockstar-games/5269938#fivem-and-redm-6
[   script:mapmanager] Started map fivem-map-hipster
[           resources] Started resource fivem-map-hipster
[ citizen-server-impl]         fff                          
[ citizen-server-impl]   cccc ff   xx  xx     rr rr    eee  
[ citizen-server-impl] cc     ffff   xx       rrr  r ee   e 
[ citizen-server-impl] cc     ff     xx   ... rr     eeeee  
[ citizen-server-impl]  ccccc ff   xx  xx ... rr      eeeee 
[ citizen-server-impl]                                      
[ citizen-server-impl] Authenticated with cfx.re Nucleus: https://nick-parker1-b569mb.users.cfx.re/
[             TXADMIN] txaEvent "serverShuttingDown" "{＂delay＂:5000,＂author＂:＂nickdeveloper83＂,＂message＂:＂Server restarting (admin request).＂}" 
[      script:monitor] [txAdmin] Server shutdown imminent. Kicking all players.

[             TXADMIN] ================================================================ 
[             TXADMIN] ======== [7772] FXServer Starting - 29/10/2024, 12:38:53 am      
[             TXADMIN] ================================================================ 
[           resources] Scanning resources.
[           resources] Found 29 resources.
[          svadhesive] Authenticating server license key...
[          svadhesive] Server license key authentication succeeded. Welcome!
[    c-scripting-core] Creating script environments for sessionmanager
[           resources] Started resource sessionmanager
[    c-scripting-core] Creating script environments for monitor
[      script:monitor] [txAdmin] Resource v7.3.2 threads and commands set up. All Ready.
[           resources] Started resource monitor
[    c-scripting-core] Creating script environments for mapmanager
[           resources] Started resource mapmanager
[    c-scripting-core] Creating script environments for yarn
[           resources] Started resource yarn
[    c-scripting-core] Creating script environments for webpack
[           resources] Started resource webpack
[    c-scripting-core] Creating script environments for chat
[           resources] Started resource chat
[           resources] Started resource spawnmanager
[   script:mapmanager] Started gametype Freeroam
[           resources] Started resource basic-gamemode
[    c-scripting-core] Creating script environments for hardcap
[           resources] Started resource hardcap
[    c-scripting-core] Creating script environments for rconlog
[           resources] Started resource rconlog
[           resources] Started resource my_spawn
[           resources] Started resource my_weapon
[           resources] Started resource my_car
[           resources] Started resource my_smallresources
[ citizen-server-main] Warning: The players.json endpoint has been modified to no longer return the player identifiers without authentication.
[ citizen-server-main] To learn more about this change read our announcement at https://forum.cfx.re/t/celebrating-one-year-with-rockstar-games/5269938#fivem-and-redm-6
[   script:mapmanager] Started map fivem-map-hipster
[           resources] Started resource fivem-map-hipster
[ citizen-server-impl]         fff                          
[ citizen-server-impl]   cccc ff   xx  xx     rr rr    eee  
[ citizen-server-impl] cc     ffff   xx       rrr  r ee   e 
[ citizen-server-impl] cc     ff     xx   ... rr     eeeee  
[ citizen-server-impl]  ccccc ff   xx  xx ... rr      eeeee 
[ citizen-server-impl]                                      
[ citizen-server-impl] Authenticated with cfx.re Nucleus: https://nick-parker1-b569mb.users.cfx.re/
[ citizen-server-impl] server thread hitch warning: timer interval of 155 milliseconds
[ citizen-server-impl] network thread hitch warning: timer interval of 170 milliseconds
[ citizen-server-impl] server thread hitch warning: timer interval of 184 milliseconds
[ citizen-server-impl] server thread hitch warning: timer interval of 199 milliseconds
[ citizen-server-impl] server thread hitch warning: timer interval of 175 milliseconds
[      script:hardcap] Connecting: farha
[ citizen-server-impl] server thread hitch warning: timer interval of 175 milliseconds
[ citizen-server-impl] server thread hitch warning: timer interval of 561 milliseconds
[ citizen-server-impl] server thread hitch warning: timer interval of 227 milliseconds
[ citizen-server-impl] server thread hitch warning: timer interval of 151 milliseconds
[ citizen-server-impl] server thread hitch warning: timer interval of 152 milliseconds
[ citizen-server-impl] server thread hitch warning: timer interval of 169 milliseconds
[ citizen-server-impl] server thread hitch warning: timer interval of 153 milliseconds
[ citizen-server-impl] server thread hitch warning: timer interval of 166 milliseconds
[ citizen-server-impl] server thread hitch warning: timer interval of 204 milliseconds
