================================================================
======== Log Rotated - 29/10/2024, 12:00:01 am                  
================================================================
[12:02:30 am] [83zt7#1] farha: said "awdnawdnwda"
[12:03:40 am] [83zt7#1] farha: died from suicide (Ranover by Vehicle)
[12:08:19 am] [83zt7#1] farha: healed themself
[12:10:42 am] [83zt7#1] farha: died from suicide (Pump Shotgun)
[12:10:57 am] [83zt7#1] farha: enabled noclip
[12:11:08 am] [83zt7#1] farha: became mortal (standard mode)
[12:11:17 am] [83zt7#1] farha: healed themself
[12:11:22 am] [83zt7#1] farha: caused an explosion (ROCKET)
[12:11:26 am] [83zt7#1] farha: caused an explosion (ROCKET)
[12:11:28 am] [83zt7#1] farha: caused an explosion (ROCKET)
[12:11:31 am] [83zt7#1] farha: caused an explosion (ROCKET)
[12:11:36 am] [83zt7#1] farha: caused an explosion (ROCKET)
[12:11:38 am] [83zt7#1] farha: caused an explosion (ROCKET)
[12:11:42 am] [83zt7#1] farha: caused an explosion (ROCKET)
[12:12:54 am] [83zt7#1] farha: died from suicide (Pistol)
[12:14:01 am] [83zt7#1] farha: disconnected (Exiting)
[12:14:13 am] txAdmin: Logger started
[12:15:01 am] [F9VBN#1] farha: joined with identifiers [license:fa1b96bb0f15b793ea647727914b4dad7b66394c; xbl:2535435186446523; live:844425877566581; discord:737925855631638549; fivem:12686259; license2:fa1b96bb0f15b793ea647727914b4dad7b66394c]
[12:27:03 am] [F9VBN#1] farha: caused an explosion (CAR)
[12:27:03 am] [F9VBN#1] farha: caused an explosion (CAR)
[12:27:03 am] [F9VBN#1] farha: died from suicide (RPG)
[12:30:39 am] [F9VBN#1] farha: enabled noclip
[12:30:45 am] [F9VBN#1] farha: became mortal (standard mode)
[12:38:05 am] [F9VBN#1] farha: disconnected (Exiting)
[12:38:21 am] txAdmin: Logger started
[12:38:55 am] txAdmin: Logger started
[12:40:33 am] [N33re#1] farha: joined with identifiers [license:fa1b96bb0f15b793ea647727914b4dad7b66394c; xbl:2535435186446523; live:844425877566581; discord:737925855631638549; fivem:12686259; license2:fa1b96bb0f15b793ea647727914b4dad7b66394c]
[12:42:21 am] [N33re#1] farha: died from suicide
[12:48:07 am] [N33re#1] farha: enabled noclip
[12:48:09 am] [N33re#1] farha: became mortal (standard mode)
[12:48:14 am] [N33re#1] farha: enabled noclip
[12:48:28 am] [N33re#1] farha: became mortal (standard mode)
[12:48:33 am] [N33re#1] farha: said "/wadtx"
[12:49:33 am] [N33re#1] farha: enabled noclip
[12:49:46 am] [N33re#1] farha: became mortal (standard mode)
[12:51:04 am] [N33re#1] farha: died from suicide
