================================================================
======== txAdmin v7.3.2 atop fxserver 10653 Starting - 28/10/2024, 8:56:14 pm
================================================================
[8:57:37 pm] txAdmin: Logger started
[9:30:21 pm] txAdmin: Logger started
[9:32:41 pm] txAdmin: Logger started
[9:33:22 pm] txAdmin: Logger started
[9:34:38 pm] txAdmin: Logger started
[9:39:23 pm] txAdmin: Logger started
[9:40:00 pm] [87ETc#1] farha: joined with identifiers [license:fa1b96bb0f15b793ea647727914b4dad7b66394c; xbl:2535435186446523; live:844425877566581; discord:737925855631638549; fivem:12686259; license2:fa1b96bb0f15b793ea647727914b4dad7b66394c]
[9:42:14 pm] [87ETc#1] farha: teleported to a waypoint
[9:42:18 pm] [87ETc#1] farha: enabled noclip
[9:42:19 pm] [87ETc#1] farha: became mortal (standard mode)
[9:42:23 pm] [87ETc#1] farha: died from suicide (Falling)
[9:48:36 pm] [87ETc#1] farha: teleported to a waypoint
[9:48:40 pm] [87ETc#1] farha: healed themself
[9:48:44 pm] [87ETc#1] farha: enabled noclip
[9:48:44 pm] [87ETc#1] farha: became mortal (standard mode)
[9:48:46 pm] [87ETc#1] farha: enabled noclip
[9:48:48 pm] [87ETc#1] farha: became mortal (standard mode)
[9:48:55 pm] [87ETc#1] farha: died from suicide (Falling)
[9:51:19 pm] [87ETc#1] farha: healed themself
[9:52:56 pm] [87ETc#1] farha: enabled noclip
[9:52:59 pm] [87ETc#1] farha: became mortal (standard mode)
[9:53:02 pm] [87ETc#1] farha: enabled noclip
[9:53:04 pm] [87ETc#1] farha: became mortal (standard mode)
[9:53:11 pm] [87ETc#1] farha: died from suicide (Falling)
[9:55:22 pm] [87ETc#1] farha: disconnected (Exiting)
[9:56:57 pm] txAdmin: Logger started
[9:58:00 pm] [fLbaj#1] farha: joined with identifiers [license:fa1b96bb0f15b793ea647727914b4dad7b66394c; xbl:2535435186446523; live:844425877566581; discord:737925855631638549; fivem:12686259; license2:fa1b96bb0f15b793ea647727914b4dad7b66394c]
[9:58:55 pm] [fLbaj#1] farha: enabled noclip
[9:58:57 pm] [fLbaj#1] farha: became mortal (standard mode)
[9:59:05 pm] [fLbaj#1] farha: died from suicide (Falling)
[9:59:50 pm] [fLbaj#1] farha: enabled noclip
[9:59:51 pm] [fLbaj#1] farha: became mortal (standard mode)
[9:59:57 pm] [fLbaj#1] farha: enabled noclip
[10:00:01 pm] [fLbaj#1] farha: became mortal (standard mode)
[10:00:06 pm] [fLbaj#1] farha: died from suicide
[10:03:11 pm] [fLbaj#1] farha: enabled noclip
[10:03:13 pm] [fLbaj#1] farha: became mortal (standard mode)
[10:03:19 pm] [fLbaj#1] farha: died from suicide (Falling)
[10:03:38 pm] [fLbaj#1] farha: enabled noclip
[10:03:39 pm] [fLbaj#1] farha: became mortal (standard mode)
[10:03:47 pm] [fLbaj#1] farha: died from suicide (Falling)
[10:04:31 pm] [fLbaj#1] farha: died from suicide (Fist)
[10:05:24 pm] [fLbaj#1] farha: enabled noclip
[10:05:26 pm] [fLbaj#1] farha: became mortal (standard mode)
[10:05:57 pm] [fLbaj#1] farha: enabled noclip
[10:06:00 pm] [fLbaj#1] farha: became mortal (standard mode)
[10:06:03 pm] [fLbaj#1] farha: enabled noclip
[10:06:09 pm] [fLbaj#1] farha: became mortal (standard mode)
[10:06:11 pm] [fLbaj#1] farha: enabled noclip
[10:06:16 pm] [fLbaj#1] farha: became mortal (standard mode)
[10:08:40 pm] [fLbaj#1] farha: died from suicide
[10:08:48 pm] [fLbaj#1] farha: died from suicide
[10:08:54 pm] [fLbaj#1] farha: died from suicide
[10:09:13 pm] [fLbaj#1] farha: died from suicide
[10:11:39 pm] [fLbaj#1] farha: enabled noclip
[10:11:43 pm] [fLbaj#1] farha: became mortal (standard mode)
[10:55:18 pm] txAdmin: Logger started
[10:57:25 pm] txAdmin: Logger started
[10:58:09 pm] [83zt7#1] farha: joined with identifiers [license:fa1b96bb0f15b793ea647727914b4dad7b66394c; xbl:2535435186446523; live:844425877566581; discord:737925855631638549; fivem:12686259; license2:fa1b96bb0f15b793ea647727914b4dad7b66394c]
[10:58:51 pm] [83zt7#1] farha: said "/car"
[10:59:39 pm] [83zt7#1] farha: said "/car wihnawid"
[11:21:17 pm] [83zt7#1] farha: said "/dv"
[11:51:13 pm] [83zt7#1] farha: enabled noclip
[11:51:14 pm] [83zt7#1] farha: became mortal (standard mode)
[11:51:24 pm] [83zt7#1] farha: died from suicide (Pump Shotgun)
[11:52:13 pm] [83zt7#1] farha: healed themself
[11:53:02 pm] [83zt7#1] farha: said "/weapon weapon_pistol"
